<?xml version="1.0" encoding="UTF-8"?>
<!-- Generated by org.testng.reporters.JUnitReportReporter -->
<testsuite hostname="SQE" name="foodniche_project.Contents_by_business_user" tests="13" failures="1" timestamp="14 Feb 2017 13:06:15 GMT" time="273.157" errors="0">
  <testcase name="Posting_Recipe_Contents_by_Business_User" time="38.087" classname="foodniche_project.Contents_by_business_user"/>
  <testcase name="Editing_Recipe_Contents_by_Business_User" time="13.300" classname="foodniche_project.Contents_by_business_user"/>
  <testcase name="Editing_Pictures_Contents_by_Business_User" time="16.109" classname="foodniche_project.Contents_by_business_user"/>
  <testcase name="Deleting_Pictures_Contents_by_Business_User" time="1.768" classname="foodniche_project.Contents_by_business_user"/>
  <testcase name="Posting_Tutorials_Contents_by_Business_User" time="31.227" classname="foodniche_project.Contents_by_business_user"/>
  <testcase name="Posting_Video_Contents_By_Business_User" time="16.922" classname="foodniche_project.Contents_by_business_user"/>
  <testcase name="Posting_Coupons_Contents_by_Business_User" time="67.510" classname="foodniche_project.Contents_by_business_user">
    <failure type="java.lang.NullPointerException">
      <![CDATA[java.lang.NullPointerException
	at foodniche_project.Contents_by_business_user.Posting_Coupons_Contents_by_Business_User(Contents_by_business_user.java:346)
	at sun.reflect.NativeMethodAccessorImpl.invoke0(Native Method)
	at sun.reflect.NativeMethodAccessorImpl.invoke(NativeMethodAccessorImpl.java:62)
	at sun.reflect.DelegatingMethodAccessorImpl.invoke(DelegatingMethodAccessorImpl.java:43)
	at java.lang.reflect.Method.invoke(Method.java:497)
	at org.testng.internal.MethodInvocationHelper.invokeMethod(MethodInvocationHelper.java:80)
	at org.testng.internal.Invoker.invokeMethod(Invoker.java:714)
	at org.testng.internal.Invoker.invokeTestMethod(Invoker.java:901)
	at org.testng.internal.Invoker.invokeTestMethods(Invoker.java:1231)
	at org.testng.internal.TestMethodWorker.invokeTestMethods(TestMethodWorker.java:127)
	at org.testng.internal.TestMethodWorker.run(TestMethodWorker.java:111)
	at org.testng.TestRunner.privateRun(TestRunner.java:767)
	at org.testng.TestRunner.run(TestRunner.java:617)
	at org.testng.SuiteRunner.runTest(SuiteRunner.java:334)
	at org.testng.SuiteRunner.runSequentially(SuiteRunner.java:329)
	at org.testng.SuiteRunner.privateRun(SuiteRunner.java:291)
	at org.testng.SuiteRunner.run(SuiteRunner.java:240)
	at org.testng.SuiteRunnerWorker.runSuite(SuiteRunnerWorker.java:52)
	at org.testng.SuiteRunnerWorker.run(SuiteRunnerWorker.java:86)
	at org.testng.TestNG.runSuitesSequentially(TestNG.java:1198)
	at org.testng.TestNG.runSuitesLocally(TestNG.java:1123)
	at org.testng.TestNG.run(TestNG.java:1031)
	at org.testng.remote.AbstractRemoteTestNG.run(AbstractRemoteTestNG.java:132)
	at org.testng.remote.RemoteTestNG.initAndRun(RemoteTestNG.java:236)
	at org.testng.remote.RemoteTestNG.main(RemoteTestNG.java:81)
]]>
    </failure>
  </testcase> <!-- Posting_Coupons_Contents_by_Business_User -->
  <testcase name="Deleting_Video_Contents_by_Business_User" time="1.279" classname="foodniche_project.Contents_by_business_user"/>
  <testcase name="Editing_Tutorials_Contents_by_Business_User" time="13.930" classname="foodniche_project.Contents_by_business_user"/>
  <testcase name="Deleting_Tutorials_Contents_by_Business_User" time="1.708" classname="foodniche_project.Contents_by_business_user"/>
  <testcase name="Editing_Video_Contents_by_Business_User" time="16.116" classname="foodniche_project.Contents_by_business_user"/>
  <testcase name="Posting_Pictures_Contents_by_Business_User" time="53.474" classname="foodniche_project.Contents_by_business_user"/>
  <testcase name="Deleting_Recipe_Contents_Contents_by_Business_User" time="1.727" classname="foodniche_project.Contents_by_business_user"/>
</testsuite> <!-- foodniche_project.Contents_by_business_user -->
