<?xml version="1.0" encoding="UTF-8"?>
<!-- Generated by org.testng.reporters.JUnitReportReporter -->
<testsuite hostname="SQE" name="foodniche_project.Contents_by_individual_user" tests="13" failures="0" timestamp="14 Feb 2017 09:56:11 GMT" time="289.757" errors="1">
  <testcase name="Deleting_Tutorials_Contents_by_Individual_User" time="1.751" classname="foodniche_project.Contents_by_individual_user"/>
  <testcase name="Deleting_Video_Contents_by_Individual_User" time="1.353" classname="foodniche_project.Contents_by_individual_user"/>
  <testcase name="Posting_Pictures_Contents_by_Individual_User" time="52.857" classname="foodniche_project.Contents_by_individual_user"/>
  <testcase name="Deleting_Pictures_Contents_by_Individual_User" time="1.722" classname="foodniche_project.Contents_by_individual_user"/>
  <testcase name="Editing_Video_by_Individual_User" time="17.407" classname="foodniche_project.Contents_by_individual_user"/>
  <testcase name="Editing_Pictures_by_Individual_User" time="16.415" classname="foodniche_project.Contents_by_individual_user"/>
  <testcase name="Deleting_Recipe_Contents_by_Individual_User" time="1.778" classname="foodniche_project.Contents_by_individual_user"/>
  <testcase name="Posting_Coupons_Contents_by_Business_User" time="67.597" classname="foodniche_project.Contents_by_individual_user">
    <error type="java.lang.NullPointerException">
      <![CDATA[java.lang.NullPointerException
	at foodniche_project.Contents_by_individual_user.Posting_Coupons_Contents_by_Business_User(Contents_by_individual_user.java:340)
	at sun.reflect.NativeMethodAccessorImpl.invoke0(Native Method)
	at sun.reflect.NativeMethodAccessorImpl.invoke(NativeMethodAccessorImpl.java:62)
	at sun.reflect.DelegatingMethodAccessorImpl.invoke(DelegatingMethodAccessorImpl.java:43)
	at java.lang.reflect.Method.invoke(Method.java:497)
	at org.testng.internal.MethodInvocationHelper.invokeMethod(MethodInvocationHelper.java:86)
	at org.testng.internal.Invoker.invokeMethod(Invoker.java:643)
	at org.testng.internal.Invoker.invokeTestMethod(Invoker.java:820)
	at org.testng.internal.Invoker.invokeTestMethods(Invoker.java:1128)
	at org.testng.internal.TestMethodWorker.invokeTestMethods(TestMethodWorker.java:129)
	at org.testng.internal.TestMethodWorker.run(TestMethodWorker.java:112)
	at org.testng.TestRunner.privateRun(TestRunner.java:782)
	at org.testng.TestRunner.run(TestRunner.java:632)
	at org.testng.SuiteRunner.runTest(SuiteRunner.java:366)
	at org.testng.SuiteRunner.runSequentially(SuiteRunner.java:361)
	at org.testng.SuiteRunner.privateRun(SuiteRunner.java:319)
	at org.testng.SuiteRunner.run(SuiteRunner.java:268)
	at org.testng.SuiteRunnerWorker.runSuite(SuiteRunnerWorker.java:52)
	at org.testng.SuiteRunnerWorker.run(SuiteRunnerWorker.java:86)
	at org.testng.TestNG.runSuitesSequentially(TestNG.java:1244)
	at org.testng.TestNG.runSuitesLocally(TestNG.java:1169)
	at org.testng.TestNG.run(TestNG.java:1064)
	at org.testng.remote.AbstractRemoteTestNG.run(AbstractRemoteTestNG.java:132)
	at org.testng.remote.RemoteTestNG.initAndRun(RemoteTestNG.java:236)
	at org.testng.remote.RemoteTestNG.main(RemoteTestNG.java:81)
]]>
    </error>
  </testcase> <!-- Posting_Coupons_Contents_by_Business_User -->
  <testcase name="Posting_Tutorials_by_Individual_User" time="32.143" classname="foodniche_project.Contents_by_individual_user"/>
  <testcase name="Editing_Tutorials_by_Individual_User" time="15.111" classname="foodniche_project.Contents_by_individual_user"/>
  <testcase name="Posting_Recipe_by_Individual_User" time="45.645" classname="foodniche_project.Contents_by_individual_user"/>
  <testcase name="Editing_Recipe_by_Individual_User" time="18.945" classname="foodniche_project.Contents_by_individual_user"/>
  <testcase name="Posting_Video_By_Individual_User" time="17.033" classname="foodniche_project.Contents_by_individual_user"/>
</testsuite> <!-- foodniche_project.Contents_by_individual_user -->
