<?xml version="1.0" encoding="UTF-8"?>
<!-- Generated by org.testng.reporters.JUnitReportReporter -->
<testsuite hostname="SQE" name="foodniche_project.Signin_and_forgot_password" tests="3" failures="0" timestamp="14 Feb 2017 10:19:21 GMT" time="84.508" errors="0">
  <testcase name="Facebook_Signin" time="18.375" classname="foodniche_project.Signin_and_forgot_password"/>
  <testcase name="Restoring_password" time="20.295" classname="foodniche_project.Signin_and_forgot_password"/>
  <testcase name="Logout" time="45.838" classname="foodniche_project.Signin_and_forgot_password"/>
</testsuite> <!-- foodniche_project.Signin_and_forgot_password -->
