<?xml version="1.0" encoding="UTF-8"?>
<!-- Generated by org.testng.reporters.JUnitReportReporter -->
<testsuite hostname="SQE" name="foodniche_project.Signupuser" tests="1" failures="0" timestamp="14 Feb 2017 10:50:53 GMT" time="90.845" errors="0">
  <testcase name="SignUpForm" time="90.845" classname="foodniche_project.Signupuser"/>
</testsuite> <!-- foodniche_project.Signupuser -->
