<?xml version="1.0" encoding="UTF-8"?>
<!-- Generated by org.testng.reporters.JUnitReportReporter -->
<testsuite hostname="SQE" name="foodniche_project.Signin_and_forgot_password" tests="3" failures="0" timestamp="14 Feb 2017 11:58:54 GMT" time="85.011" errors="0">
  <testcase name="Logout" time="42.056" classname="foodniche_project.Signin_and_forgot_password"/>
  <testcase name="Facebook_Signin" time="20.873" classname="foodniche_project.Signin_and_forgot_password"/>
  <testcase name="Restoring_password" time="22.082" classname="foodniche_project.Signin_and_forgot_password"/>
</testsuite> <!-- foodniche_project.Signin_and_forgot_password -->
