<?xml version="1.0" encoding="UTF-8"?>
<!-- Generated by org.testng.reporters.JUnitReportReporter -->
<testsuite hostname="SQE" name="foodniche_project.Contents_by_individual_user" tests="12" failures="0" timestamp="14 Feb 2017 11:58:54 GMT" time="230.990" errors="0">
  <testcase name="Posting_Video_By_Individual_User" time="17.424" classname="foodniche_project.Contents_by_individual_user"/>
  <testcase name="Editing_Recipe_by_Individual_User" time="18.960" classname="foodniche_project.Contents_by_individual_user"/>
  <testcase name="Posting_Pictures_Contents_by_Individual_User" time="53.507" classname="foodniche_project.Contents_by_individual_user"/>
  <testcase name="Deleting_Pictures_Contents_by_Individual_User" time="1.760" classname="foodniche_project.Contents_by_individual_user"/>
  <testcase name="Editing_Pictures_by_Individual_User" time="16.783" classname="foodniche_project.Contents_by_individual_user"/>
  <testcase name="Deleting_Video_Contents_by_Individual_User" time="1.326" classname="foodniche_project.Contents_by_individual_user"/>
  <testcase name="Editing_Video_by_Individual_User" time="17.285" classname="foodniche_project.Contents_by_individual_user"/>
  <testcase name="Deleting_Tutorials_Contents_by_Individual_User" time="10.305" classname="foodniche_project.Contents_by_individual_user"/>
  <testcase name="Posting_Tutorials_by_Individual_User" time="31.372" classname="foodniche_project.Contents_by_individual_user"/>
  <testcase name="Editing_Tutorials_by_Individual_User" time="15.119" classname="foodniche_project.Contents_by_individual_user"/>
  <testcase name="Posting_Recipe_by_Individual_User" time="45.342" classname="foodniche_project.Contents_by_individual_user"/>
  <testcase name="Deleting_Recipe_Contents_by_Individual_User" time="1.807" classname="foodniche_project.Contents_by_individual_user"/>
</testsuite> <!-- foodniche_project.Contents_by_individual_user -->
